mode: set
mework/internal/server/provider/provider.go:35.27,38.14 3 1
mework/internal/server/provider/provider.go:38.14,39.46 1 0
mework/internal/server/provider/provider.go:41.2,42.36 2 1
mework/internal/server/provider/provider.go:42.36,43.64 1 0
mework/internal/server/provider/provider.go:45.2,45.21 1 1
mework/internal/server/provider/provider.go:48.40,53.2 4 1
mework/internal/server/provider/mello/adapter.go:28.57,32.2 1 0
mework/internal/server/provider/mello/adapter.go:34.38,36.2 1 0
mework/internal/server/provider/mello/adapter.go:38.72,44.49 2 0
mework/internal/server/provider/mello/adapter.go:44.49,46.3 1 0
mework/internal/server/provider/mello/adapter.go:47.2,47.29 1 0
mework/internal/server/provider/mello/adapter.go:50.108,51.18 1 0
mework/internal/server/provider/mello/adapter.go:51.18,53.3 1 0
mework/internal/server/provider/mello/adapter.go:56.2,57.16 2 0
mework/internal/server/provider/mello/adapter.go:57.16,59.3 1 0
mework/internal/server/provider/mello/adapter.go:61.2,64.51 4 0
mework/internal/server/provider/mello/adapter.go:64.51,66.3 1 0
mework/internal/server/provider/mello/adapter.go:69.2,69.45 1 0
mework/internal/server/provider/mello/adapter.go:69.45,71.3 1 0
mework/internal/server/provider/mello/adapter.go:73.2,79.57 6 0
mework/internal/server/provider/mello/adapter.go:79.57,81.3 1 0
mework/internal/server/provider/mello/adapter.go:83.2,83.12 1 0
mework/internal/server/provider/mello/adapter.go:104.85,106.52 2 0
mework/internal/server/provider/mello/adapter.go:106.52,108.3 1 0
mework/internal/server/provider/mello/adapter.go:110.2,110.31 1 0
mework/internal/server/provider/mello/adapter.go:110.31,112.3 1 0
mework/internal/server/provider/mello/adapter.go:114.2,121.8 1 0
mework/internal/server/provider/mello/adapter.go:124.103,128.2 3 0
mework/internal/server/webhook/handler.go:27.85,34.2 1 0
mework/internal/server/webhook/handler.go:36.69,39.9 3 0
mework/internal/server/webhook/handler.go:39.9,42.3 2 0
mework/internal/server/webhook/handler.go:44.2,45.16 2 0
mework/internal/server/webhook/handler.go:45.16,48.3 2 0
mework/internal/server/webhook/handler.go:51.2,52.16 2 0
mework/internal/server/webhook/handler.go:52.16,56.3 3 0
mework/internal/server/webhook/handler.go:59.2,64.16 3 0
mework/internal/server/webhook/handler.go:64.16,65.36 1 0
mework/internal/server/webhook/handler.go:65.36,69.4 3 0
mework/internal/server/webhook/handler.go:70.3,72.9 3 0
mework/internal/server/webhook/handler.go:76.2,81.16 3 0
mework/internal/server/webhook/handler.go:81.16,82.36 1 0
mework/internal/server/webhook/handler.go:82.36,86.4 3 0
mework/internal/server/webhook/handler.go:87.3,89.9 3 0
mework/internal/server/webhook/handler.go:93.2,94.29 2 0
mework/internal/server/webhook/handler.go:94.29,98.3 3 0
mework/internal/server/webhook/handler.go:100.2,100.40 1 0
mework/internal/server/webhook/handler.go:100.40,103.3 2 0
mework/internal/server/webhook/handler.go:105.2,106.16 2 0
mework/internal/server/webhook/handler.go:106.16,110.3 3 0
mework/internal/server/webhook/handler.go:113.2,114.16 2 0
mework/internal/server/webhook/handler.go:114.16,118.3 3 0
mework/internal/server/webhook/handler.go:121.2,122.16 2 0
mework/internal/server/webhook/handler.go:122.16,125.3 2 0
mework/internal/server/webhook/handler.go:128.2,128.22 1 0
mework/internal/server/webhook/handler.go:128.22,133.27 3 0
mework/internal/server/webhook/handler.go:133.27,137.4 3 0
mework/internal/server/webhook/handler.go:141.2,148.36 3 0
mework/internal/server/webhook/handler.go:148.36,152.3 3 0
mework/internal/server/webhook/handler.go:155.2,160.16 3 0
mework/internal/server/webhook/handler.go:160.16,161.36 1 0
mework/internal/server/webhook/handler.go:161.36,165.4 3 0
mework/internal/server/webhook/handler.go:166.3,168.9 3 0
mework/internal/server/webhook/handler.go:172.2,172.31 1 0
mework/internal/server/webhook/handler.go:172.31,176.3 3 0
mework/internal/server/webhook/handler.go:179.2,185.16 4 0
mework/internal/server/webhook/handler.go:185.16,187.3 1 0
mework/internal/server/webhook/handler.go:187.8,187.43 1 0
mework/internal/server/webhook/handler.go:187.43,189.3 1 0
mework/internal/server/webhook/handler.go:192.2,193.16 2 0
mework/internal/server/webhook/handler.go:193.16,197.3 3 0
mework/internal/server/webhook/handler.go:199.2,201.16 3 0
mework/internal/server/webhook/handler.go:201.16,205.3 3 0
mework/internal/server/webhook/handler.go:208.2,209.24 2 0
mework/internal/server/webhook/handler.go:209.25,214.3 0 0
mework/internal/server/webhook/handler.go:217.2,228.16 3 0
mework/internal/server/webhook/handler.go:228.16,230.54 2 0
mework/internal/server/webhook/handler.go:230.54,234.4 3 0
mework/internal/server/webhook/handler.go:235.3,237.9 3 0
mework/internal/server/webhook/handler.go:240.2,240.36 1 0
mework/internal/server/webhook/parse.go:10.82,13.40 2 0
mework/internal/server/webhook/parse.go:13.40,15.3 1 0
mework/internal/server/webhook/parse.go:15.8,17.16 2 0
mework/internal/server/webhook/parse.go:17.16,19.4 1 0
mework/internal/server/webhook/parse.go:19.9,21.17 2 0
mework/internal/server/webhook/parse.go:21.17,23.5 1 0
mework/internal/server/webhook/parse.go:27.2,27.15 1 0
mework/internal/server/webhook/parse.go:27.15,29.3 1 0
mework/internal/server/webhook/parse.go:31.2,33.21 3 0
mework/internal/server/webhook/parse.go:33.21,35.3 1 0
mework/internal/server/webhook/parse.go:37.2,39.21 2 0
mework/internal/server/webhook/parse.go:39.21,41.39 2 0
mework/internal/server/webhook/parse.go:41.39,45.17 3 0
mework/internal/server/webhook/parse.go:45.17,48.5 2 0
mework/internal/server/webhook/parse.go:49.9,53.17 3 0
mework/internal/server/webhook/parse.go:53.17,56.5 2 0
mework/internal/server/webhook/parse.go:58.8,61.3 2 0
mework/internal/server/webhook/parse.go:63.2,63.46 1 0
mework/internal/server/webhook/parse.go:66.42,67.28 1 0
mework/internal/server/webhook/parse.go:68.59,69.14 1 0
mework/internal/server/webhook/parse.go:70.10,71.15 1 0
mework/internal/server/provider/provider.go:35.27,38.14 3 0
mework/internal/server/provider/provider.go:38.14,39.46 1 0
mework/internal/server/provider/provider.go:41.2,42.36 2 0
mework/internal/server/provider/provider.go:42.36,43.64 1 0
mework/internal/server/provider/provider.go:45.2,45.21 1 0
mework/internal/server/provider/provider.go:48.40,53.2 4 0
mework/internal/server/provider/mello/adapter.go:28.57,32.2 1 1
mework/internal/server/provider/mello/adapter.go:34.38,36.2 1 0
mework/internal/server/provider/mello/adapter.go:38.72,44.49 2 0
mework/internal/server/provider/mello/adapter.go:44.49,46.3 1 0
mework/internal/server/provider/mello/adapter.go:47.2,47.29 1 0
mework/internal/server/provider/mello/adapter.go:50.108,51.18 1 1
mework/internal/server/provider/mello/adapter.go:51.18,53.3 1 0
mework/internal/server/provider/mello/adapter.go:56.2,57.16 2 1
mework/internal/server/provider/mello/adapter.go:57.16,59.3 1 0
mework/internal/server/provider/mello/adapter.go:61.2,64.51 4 1
mework/internal/server/provider/mello/adapter.go:64.51,66.3 1 1
mework/internal/server/provider/mello/adapter.go:69.2,69.45 1 1
mework/internal/server/provider/mello/adapter.go:69.45,71.3 1 1
mework/internal/server/provider/mello/adapter.go:73.2,79.57 6 1
mework/internal/server/provider/mello/adapter.go:79.57,81.3 1 1
mework/internal/server/provider/mello/adapter.go:83.2,83.12 1 1
mework/internal/server/provider/mello/adapter.go:104.85,106.52 2 1
mework/internal/server/provider/mello/adapter.go:106.52,108.3 1 0
mework/internal/server/provider/mello/adapter.go:110.2,110.31 1 1
mework/internal/server/provider/mello/adapter.go:110.31,112.3 1 0
mework/internal/server/provider/mello/adapter.go:114.2,121.8 1 1
mework/internal/server/provider/mello/adapter.go:124.103,128.2 3 0
mework/internal/server/webhook/handler.go:27.85,34.2 1 0
mework/internal/server/webhook/handler.go:36.69,39.9 3 0
mework/internal/server/webhook/handler.go:39.9,42.3 2 0
mework/internal/server/webhook/handler.go:44.2,45.16 2 0
mework/internal/server/webhook/handler.go:45.16,48.3 2 0
mework/internal/server/webhook/handler.go:51.2,52.16 2 0
mework/internal/server/webhook/handler.go:52.16,56.3 3 0
mework/internal/server/webhook/handler.go:59.2,64.16 3 0
mework/internal/server/webhook/handler.go:64.16,65.36 1 0
mework/internal/server/webhook/handler.go:65.36,69.4 3 0
mework/internal/server/webhook/handler.go:70.3,72.9 3 0
mework/internal/server/webhook/handler.go:76.2,81.16 3 0
mework/internal/server/webhook/handler.go:81.16,82.36 1 0
mework/internal/server/webhook/handler.go:82.36,86.4 3 0
mework/internal/server/webhook/handler.go:87.3,89.9 3 0
mework/internal/server/webhook/handler.go:93.2,94.29 2 0
mework/internal/server/webhook/handler.go:94.29,98.3 3 0
mework/internal/server/webhook/handler.go:100.2,100.40 1 0
mework/internal/server/webhook/handler.go:100.40,103.3 2 0
mework/internal/server/webhook/handler.go:105.2,106.16 2 0
mework/internal/server/webhook/handler.go:106.16,110.3 3 0
mework/internal/server/webhook/handler.go:113.2,114.16 2 0
mework/internal/server/webhook/handler.go:114.16,118.3 3 0
mework/internal/server/webhook/handler.go:121.2,122.16 2 0
mework/internal/server/webhook/handler.go:122.16,125.3 2 0
mework/internal/server/webhook/handler.go:128.2,128.22 1 0
mework/internal/server/webhook/handler.go:128.22,133.27 3 0
mework/internal/server/webhook/handler.go:133.27,137.4 3 0
mework/internal/server/webhook/handler.go:141.2,148.36 3 0
mework/internal/server/webhook/handler.go:148.36,152.3 3 0
mework/internal/server/webhook/handler.go:155.2,160.16 3 0
mework/internal/server/webhook/handler.go:160.16,161.36 1 0
mework/internal/server/webhook/handler.go:161.36,165.4 3 0
mework/internal/server/webhook/handler.go:166.3,168.9 3 0
mework/internal/server/webhook/handler.go:172.2,172.31 1 0
mework/internal/server/webhook/handler.go:172.31,176.3 3 0
mework/internal/server/webhook/handler.go:179.2,185.16 4 0
mework/internal/server/webhook/handler.go:185.16,187.3 1 0
mework/internal/server/webhook/handler.go:187.8,187.43 1 0
mework/internal/server/webhook/handler.go:187.43,189.3 1 0
mework/internal/server/webhook/handler.go:192.2,193.16 2 0
mework/internal/server/webhook/handler.go:193.16,197.3 3 0
mework/internal/server/webhook/handler.go:199.2,201.16 3 0
mework/internal/server/webhook/handler.go:201.16,205.3 3 0
mework/internal/server/webhook/handler.go:208.2,209.24 2 0
mework/internal/server/webhook/handler.go:209.25,214.3 0 0
mework/internal/server/webhook/handler.go:217.2,228.16 3 0
mework/internal/server/webhook/handler.go:228.16,230.54 2 0
mework/internal/server/webhook/handler.go:230.54,234.4 3 0
mework/internal/server/webhook/handler.go:235.3,237.9 3 0
mework/internal/server/webhook/handler.go:240.2,240.36 1 0
mework/internal/server/webhook/parse.go:10.82,13.40 2 0
mework/internal/server/webhook/parse.go:13.40,15.3 1 0
mework/internal/server/webhook/parse.go:15.8,17.16 2 0
mework/internal/server/webhook/parse.go:17.16,19.4 1 0
mework/internal/server/webhook/parse.go:19.9,21.17 2 0
mework/internal/server/webhook/parse.go:21.17,23.5 1 0
mework/internal/server/webhook/parse.go:27.2,27.15 1 0
mework/internal/server/webhook/parse.go:27.15,29.3 1 0
mework/internal/server/webhook/parse.go:31.2,33.21 3 0
mework/internal/server/webhook/parse.go:33.21,35.3 1 0
mework/internal/server/webhook/parse.go:37.2,39.21 2 0
mework/internal/server/webhook/parse.go:39.21,41.39 2 0
mework/internal/server/webhook/parse.go:41.39,45.17 3 0
mework/internal/server/webhook/parse.go:45.17,48.5 2 0
mework/internal/server/webhook/parse.go:49.9,53.17 3 0
mework/internal/server/webhook/parse.go:53.17,56.5 2 0
mework/internal/server/webhook/parse.go:58.8,61.3 2 0
mework/internal/server/webhook/parse.go:63.2,63.46 1 0
mework/internal/server/webhook/parse.go:66.42,67.28 1 0
mework/internal/server/webhook/parse.go:68.59,69.14 1 0
mework/internal/server/webhook/parse.go:70.10,71.15 1 0
mework/internal/server/provider/provider.go:35.27,38.14 3 1
mework/internal/server/provider/provider.go:38.14,39.46 1 0
mework/internal/server/provider/provider.go:41.2,42.36 2 1
mework/internal/server/provider/provider.go:42.36,43.64 1 0
mework/internal/server/provider/provider.go:45.2,45.21 1 1
mework/internal/server/provider/provider.go:48.40,53.2 4 1
mework/internal/server/provider/mello/adapter.go:28.57,32.2 1 1
mework/internal/server/provider/mello/adapter.go:34.38,36.2 1 1
mework/internal/server/provider/mello/adapter.go:38.72,44.49 2 1
mework/internal/server/provider/mello/adapter.go:44.49,46.3 1 0
mework/internal/server/provider/mello/adapter.go:47.2,47.29 1 1
mework/internal/server/provider/mello/adapter.go:50.108,51.18 1 1
mework/internal/server/provider/mello/adapter.go:51.18,53.3 1 0
mework/internal/server/provider/mello/adapter.go:56.2,57.16 2 1
mework/internal/server/provider/mello/adapter.go:57.16,59.3 1 0
mework/internal/server/provider/mello/adapter.go:61.2,64.51 4 1
mework/internal/server/provider/mello/adapter.go:64.51,66.3 1 0
mework/internal/server/provider/mello/adapter.go:69.2,69.45 1 1
mework/internal/server/provider/mello/adapter.go:69.45,71.3 1 1
mework/internal/server/provider/mello/adapter.go:73.2,79.57 6 1
mework/internal/server/provider/mello/adapter.go:79.57,81.3 1 1
mework/internal/server/provider/mello/adapter.go:83.2,83.12 1 1
mework/internal/server/provider/mello/adapter.go:104.85,106.52 2 1
mework/internal/server/provider/mello/adapter.go:106.52,108.3 1 0
mework/internal/server/provider/mello/adapter.go:110.2,110.31 1 1
mework/internal/server/provider/mello/adapter.go:110.31,112.3 1 0
mework/internal/server/provider/mello/adapter.go:114.2,121.8 1 1
mework/internal/server/provider/mello/adapter.go:124.103,128.2 3 0
mework/internal/server/webhook/handler.go:27.85,34.2 1 1
mework/internal/server/webhook/handler.go:36.69,39.9 3 1
mework/internal/server/webhook/handler.go:39.9,42.3 2 1
mework/internal/server/webhook/handler.go:44.2,45.16 2 1
mework/internal/server/webhook/handler.go:45.16,48.3 2 0
mework/internal/server/webhook/handler.go:51.2,52.16 2 1
mework/internal/server/webhook/handler.go:52.16,56.3 3 0
mework/internal/server/webhook/handler.go:59.2,64.16 3 1
mework/internal/server/webhook/handler.go:64.16,65.36 1 1
mework/internal/server/webhook/handler.go:65.36,69.4 3 1
mework/internal/server/webhook/handler.go:70.3,72.9 3 0
mework/internal/server/webhook/handler.go:76.2,81.16 3 1
mework/internal/server/webhook/handler.go:81.16,82.36 1 0
mework/internal/server/webhook/handler.go:82.36,86.4 3 0
mework/internal/server/webhook/handler.go:87.3,89.9 3 0
mework/internal/server/webhook/handler.go:93.2,94.29 2 1
mework/internal/server/webhook/handler.go:94.29,98.3 3 1
mework/internal/server/webhook/handler.go:100.2,100.40 1 1
mework/internal/server/webhook/handler.go:100.40,103.3 2 0
mework/internal/server/webhook/handler.go:105.2,106.16 2 1
mework/internal/server/webhook/handler.go:106.16,110.3 3 1
mework/internal/server/webhook/handler.go:113.2,114.16 2 1
mework/internal/server/webhook/handler.go:114.16,118.3 3 0
mework/internal/server/webhook/handler.go:121.2,122.16 2 1
mework/internal/server/webhook/handler.go:122.16,125.3 2 0
mework/internal/server/webhook/handler.go:128.2,128.22 1 1
mework/internal/server/webhook/handler.go:128.22,133.27 3 1
mework/internal/server/webhook/handler.go:133.27,137.4 3 1
mework/internal/server/webhook/handler.go:141.2,148.36 3 1
mework/internal/server/webhook/handler.go:148.36,152.3 3 1
mework/internal/server/webhook/handler.go:155.2,160.16 3 1
mework/internal/server/webhook/handler.go:160.16,161.36 1 0
mework/internal/server/webhook/handler.go:161.36,165.4 3 0
mework/internal/server/webhook/handler.go:166.3,168.9 3 0
mework/internal/server/webhook/handler.go:172.2,172.31 1 1
mework/internal/server/webhook/handler.go:172.31,176.3 3 0
mework/internal/server/webhook/handler.go:179.2,185.16 4 1
mework/internal/server/webhook/handler.go:185.16,187.3 1 1
mework/internal/server/webhook/handler.go:187.8,187.43 1 0
mework/internal/server/webhook/handler.go:187.43,189.3 1 0
mework/internal/server/webhook/handler.go:192.2,193.16 2 1
mework/internal/server/webhook/handler.go:193.16,197.3 3 0
mework/internal/server/webhook/handler.go:199.2,201.16 3 1
mework/internal/server/webhook/handler.go:201.16,205.3 3 0
mework/internal/server/webhook/handler.go:208.2,209.24 2 1
mework/internal/server/webhook/handler.go:209.25,214.3 0 1
mework/internal/server/webhook/handler.go:217.2,228.16 3 1
mework/internal/server/webhook/handler.go:228.16,230.54 2 0
mework/internal/server/webhook/handler.go:230.54,234.4 3 0
mework/internal/server/webhook/handler.go:235.3,237.9 3 0
mework/internal/server/webhook/handler.go:240.2,240.36 1 1
mework/internal/server/webhook/parse.go:10.82,13.40 2 1
mework/internal/server/webhook/parse.go:13.40,15.3 1 1
mework/internal/server/webhook/parse.go:15.8,17.16 2 1
mework/internal/server/webhook/parse.go:17.16,19.4 1 1
mework/internal/server/webhook/parse.go:19.9,21.17 2 1
mework/internal/server/webhook/parse.go:21.17,23.5 1 1
mework/internal/server/webhook/parse.go:27.2,27.15 1 1
mework/internal/server/webhook/parse.go:27.15,29.3 1 1
mework/internal/server/webhook/parse.go:31.2,33.21 3 1
mework/internal/server/webhook/parse.go:33.21,35.3 1 0
mework/internal/server/webhook/parse.go:37.2,39.21 2 1
mework/internal/server/webhook/parse.go:39.21,41.39 2 1
mework/internal/server/webhook/parse.go:41.39,45.17 3 1
mework/internal/server/webhook/parse.go:45.17,48.5 2 1
mework/internal/server/webhook/parse.go:49.9,53.17 3 1
mework/internal/server/webhook/parse.go:53.17,56.5 2 1
mework/internal/server/webhook/parse.go:58.8,61.3 2 1
mework/internal/server/webhook/parse.go:63.2,63.46 1 1
mework/internal/server/webhook/parse.go:66.42,67.28 1 1
mework/internal/server/webhook/parse.go:68.59,69.14 1 1
mework/internal/server/webhook/parse.go:70.10,71.15 1 1
